<?xml version="1.0" encoding="UTF-8"?>
<!-- Generated by org.testng.reporters.JUnitReportReporter -->
<testsuite skipped="0" hostname="ip-7-7-254-55.eu-west-2.compute.internal" name="com.example.demo.test.EpsilonHelperTest" tests="3" failures="0" timestamp="2019-10-20T18:52:12 UTC" time="0.001" errors="0">
  <testcase name="shouldCalculateDeviations" time="0.001" classname="com.example.demo.test.EpsilonHelperTest"/>
  <testcase name="shouldCalculateAverage" time="0.000" classname="com.example.demo.test.EpsilonHelperTest"/>
  <testcase name="shouldFindMaximum" time="0.000" classname="com.example.demo.test.EpsilonHelperTest"/>
</testsuite> <!-- com.example.demo.test.EpsilonHelperTest -->
