<?xml version="1.0" encoding="UTF-8"?>
<!-- Generated by org.testng.reporters.JUnitReportReporter -->
<testsuite skipped="0" hostname="ip-7-7-254-55.eu-west-2.compute.internal" name="com.example.demo.test.LineTest" tests="4" failures="0" timestamp="2019-08-22T11:16:10 UTC" time="0.005" errors="0">
  <testcase name="shouldCalculateDistanceFromPointToLine" time="0.000" classname="com.example.demo.test.LineTest"/>
  <testcase name="shouldCalculateDistanceFromPointToLine" time="0.000" classname="com.example.demo.test.LineTest"/>
  <testcase name="shouldCalculateDistanceFromPointToLine" time="0.005" classname="com.example.demo.test.LineTest"/>
  <testcase name="shouldCalculateDistanceFromPointToLine" time="0.000" classname="com.example.demo.test.LineTest"/>
</testsuite> <!-- com.example.demo.test.LineTest -->
