<?xml version="1.0" encoding="UTF-8"?>
<!-- Generated by org.testng.reporters.JUnitReportReporter -->
<testsuite hostname="EC2AMAZ-PVVNSIG" failures="0" tests="11" name="com.example.demo.test.SeriesReducerTest" time="0.010" errors="0" timestamp="2019-11-24T06:18:18 UTC" skipped="0">
  <testcase classname="com.example.demo.test.SeriesReducerTest" name="testAutomaticEpsilon" time="0.002"/>
  <testcase classname="com.example.demo.test.SeriesReducerTest" name="shouldValidateEpsilon" time="0.000"/>
  <testcase classname="com.example.demo.test.SeriesReducerTest" name="testAutomaticEpsilon" time="0.001"/>
  <testcase classname="com.example.demo.test.SeriesReducerTest" name="shouldReduceSeries" time="0.000"/>
  <testcase classname="com.example.demo.test.SeriesReducerTest" name="shouldValidateEpsilon" time="0.000"/>
  <testcase classname="com.example.demo.test.SeriesReducerTest" name="shouldReduceSeries" time="0.000"/>
  <testcase classname="com.example.demo.test.SeriesReducerTest" name="shouldReduceSeries" time="0.001"/>
  <testcase classname="com.example.demo.test.SeriesReducerTest" name="shouldReduceSeries" time="0.001"/>
  <testcase classname="com.example.demo.test.SeriesReducerTest" name="shouldReduceSeries" time="0.003"/>
  <testcase classname="com.example.demo.test.SeriesReducerTest" name="testAutomaticEpsilon" time="0.001"/>
  <testcase classname="com.example.demo.test.SeriesReducerTest" name="testAutomaticEpsilon" time="0.001"/>
</testsuite> <!-- com.example.demo.test.SeriesReducerTest -->
