<?xml version="1.0" encoding="UTF-8"?>
<!-- Generated by org.testng.reporters.JUnitReportReporter -->
<testsuite hostname="EC2AMAZ-PVVNSIG" failures="0" tests="3" name="com.example.demo.test.EpsilonHelperTest" time="0.008" errors="0" timestamp="2019-12-01T12:30:19 UTC" skipped="0">
  <testcase classname="com.example.demo.test.EpsilonHelperTest" name="shouldCalculateAverage" time="0.007"/>
  <testcase classname="com.example.demo.test.EpsilonHelperTest" name="shouldCalculateDeviations" time="0.001"/>
  <testcase classname="com.example.demo.test.EpsilonHelperTest" name="shouldFindMaximum" time="0.000"/>
</testsuite> <!-- com.example.demo.test.EpsilonHelperTest -->
