<?xml version="1.0" encoding="UTF-8"?>
<!-- Generated by org.testng.reporters.JUnitReportReporter -->
<testsuite hostname="EC2AMAZ-PVVNSIG" failures="0" tests="4" name="com.example.demo.test.LineTest" time="0.001" errors="0" timestamp="2019-11-24T06:18:18 UTC" skipped="0">
  <testcase classname="com.example.demo.test.LineTest" name="shouldCalculateDistanceFromPointToLine" time="0.001"/>
  <testcase classname="com.example.demo.test.LineTest" name="shouldCalculateDistanceFromPointToLine" time="0.000"/>
  <testcase classname="com.example.demo.test.LineTest" name="shouldCalculateDistanceFromPointToLine" time="0.000"/>
  <testcase classname="com.example.demo.test.LineTest" name="shouldCalculateDistanceFromPointToLine" time="0.000"/>
</testsuite> <!-- com.example.demo.test.LineTest -->
