<?xml version="1.0" encoding="UTF-8"?>
<!-- Generated by org.testng.reporters.JUnitReportReporter -->
<testsuite skipped="0" hostname="ip-7-7-254-55.eu-west-2.compute.internal" name="com.example.demo.test.SeriesReducerTest" tests="11" failures="0" timestamp="2019-10-20T18:52:12 UTC" time="0.010" errors="0">
  <testcase name="shouldReduceSeries" time="0.000" classname="com.example.demo.test.SeriesReducerTest"/>
  <testcase name="shouldValidateEpsilon" time="0.000" classname="com.example.demo.test.SeriesReducerTest"/>
  <testcase name="shouldReduceSeries" time="0.003" classname="com.example.demo.test.SeriesReducerTest"/>
  <testcase name="shouldValidateEpsilon" time="0.000" classname="com.example.demo.test.SeriesReducerTest"/>
  <testcase name="testAutomaticEpsilon" time="0.002" classname="com.example.demo.test.SeriesReducerTest"/>
  <testcase name="shouldReduceSeries" time="0.001" classname="com.example.demo.test.SeriesReducerTest"/>
  <testcase name="shouldReduceSeries" time="0.001" classname="com.example.demo.test.SeriesReducerTest"/>
  <testcase name="testAutomaticEpsilon" time="0.001" classname="com.example.demo.test.SeriesReducerTest"/>
  <testcase name="shouldReduceSeries" time="0.000" classname="com.example.demo.test.SeriesReducerTest"/>
  <testcase name="testAutomaticEpsilon" time="0.001" classname="com.example.demo.test.SeriesReducerTest"/>
  <testcase name="testAutomaticEpsilon" time="0.001" classname="com.example.demo.test.SeriesReducerTest"/>
</testsuite> <!-- com.example.demo.test.SeriesReducerTest -->
