<?xml version="1.0" encoding="UTF-8"?>
<testsuite name="com.example.demo.test.PolygonalApproximationApplicationTests" tests="1" skipped="0" failures="0" errors="0" timestamp="2019-11-24T10:21:59" hostname="EC2AMAZ-PVVNSIG" time="0.189">
  <properties/>
  <testcase name="contextLoads" classname="com.example.demo.test.PolygonalApproximationApplicationTests" time="0.189"/>
  <system-out><![CDATA[10:21:56.487 [Test worker] DEBUG org.springframework.test.context.junit4.SpringJUnit4ClassRunner - SpringJUnit4ClassRunner constructor called with [class com.example.demo.test.PolygonalApproximationApplicationTests]
10:21:56.497 [Test worker] DEBUG org.springframework.test.context.BootstrapUtils - Instantiating CacheAwareContextLoaderDelegate from class [org.springframework.test.context.cache.DefaultCacheAwareContextLoaderDelegate]
10:21:56.511 [Test worker] DEBUG org.springframework.test.context.BootstrapUtils - Instantiating BootstrapContext using constructor [public org.springframework.test.context.support.DefaultBootstrapContext(java.lang.Class,org.springframework.test.context.CacheAwareContextLoaderDelegate)]
10:21:56.529 [Test worker] DEBUG org.springframework.test.context.BootstrapUtils - Instantiating TestContextBootstrapper for test class [com.example.demo.test.PolygonalApproximationApplicationTests] from class [org.springframework.boot.test.context.SpringBootTestContextBootstrapper]
10:21:56.541 [Test worker] INFO org.springframework.boot.test.context.SpringBootTestContextBootstrapper - Neither @ContextConfiguration nor @ContextHierarchy found for test class [com.example.demo.test.PolygonalApproximationApplicationTests], using SpringBootContextLoader
10:21:56.544 [Test worker] DEBUG org.springframework.test.context.support.AbstractContextLoader - Did not detect default resource location for test class [com.example.demo.test.PolygonalApproximationApplicationTests]: class path resource [com/example/demo/test/PolygonalApproximationApplicationTests-context.xml] does not exist
10:21:56.545 [Test worker] DEBUG org.springframework.test.context.support.AbstractContextLoader - Did not detect default resource location for test class [com.example.demo.test.PolygonalApproximationApplicationTests]: class path resource [com/example/demo/test/PolygonalApproximationApplicationTestsContext.groovy] does not exist
10:21:56.545 [Test worker] INFO org.springframework.test.context.support.AbstractContextLoader - Could not detect default resource locations for test class [com.example.demo.test.PolygonalApproximationApplicationTests]: no resource found for suffixes {-context.xml, Context.groovy}.
10:21:56.546 [Test worker] INFO org.springframework.test.context.support.AnnotationConfigContextLoaderUtils - Could not detect default configuration classes for test class [com.example.demo.test.PolygonalApproximationApplicationTests]: PolygonalApproximationApplicationTests does not declare any static, non-private, non-final, nested classes annotated with @Configuration.
10:21:56.587 [Test worker] DEBUG org.springframework.test.context.support.ActiveProfilesUtils - Could not find an 'annotation declaring class' for annotation type [org.springframework.test.context.ActiveProfiles] and class [com.example.demo.test.PolygonalApproximationApplicationTests]
10:21:56.660 [Test worker] DEBUG org.springframework.context.annotation.ClassPathScanningCandidateComponentProvider - Identified candidate component class: file [C:\Users\Administrator\IdeaProjects\PolygonalApproximation\build\classes\java\main\com\example\demo\PolygonalApproximationApplication.class]
10:21:56.661 [Test worker] INFO org.springframework.boot.test.context.SpringBootTestContextBootstrapper - Found @SpringBootConfiguration com.example.demo.PolygonalApproximationApplication for test class com.example.demo.test.PolygonalApproximationApplicationTests
10:21:56.753 [Test worker] DEBUG org.springframework.boot.test.context.SpringBootTestContextBootstrapper - @TestExecutionListeners is not present for class [com.example.demo.test.PolygonalApproximationApplicationTests]: using defaults.
10:21:56.753 [Test worker] INFO org.springframework.boot.test.context.SpringBootTestContextBootstrapper - Loaded default TestExecutionListener class names from location [META-INF/spring.factories]: [org.springframework.boot.test.autoconfigure.restdocs.RestDocsTestExecutionListener, org.springframework.boot.test.autoconfigure.web.client.MockRestServiceServerResetTestExecutionListener, org.springframework.boot.test.autoconfigure.web.servlet.MockMvcPrintOnlyOnFailureTestExecutionListener, org.springframework.boot.test.autoconfigure.web.servlet.WebDriverTestExecutionListener, org.springframework.boot.test.mock.mockito.MockitoTestExecutionListener, org.springframework.boot.test.mock.mockito.ResetMocksTestExecutionListener, org.springframework.test.context.web.ServletTestExecutionListener, org.springframework.test.context.support.DirtiesContextBeforeModesTestExecutionListener, org.springframework.test.context.support.DependencyInjectionTestExecutionListener, org.springframework.test.context.support.DirtiesContextTestExecutionListener, org.springframework.test.context.transaction.TransactionalTestExecutionListener, org.springframework.test.context.jdbc.SqlScriptsTestExecutionListener]
10:21:56.761 [Test worker] DEBUG org.springframework.boot.test.context.SpringBootTestContextBootstrapper - Skipping candidate TestExecutionListener [org.springframework.test.context.web.ServletTestExecutionListener] due to a missing dependency. Specify custom listener classes or make the default listener classes and their required dependencies available. Offending class: [javax/servlet/ServletContext]
10:21:56.768 [Test worker] INFO org.springframework.boot.test.context.SpringBootTestContextBootstrapper - Using TestExecutionListeners: [org.springframework.test.context.support.DirtiesContextBeforeModesTestExecutionListener@565804ba, org.springframework.boot.test.mock.mockito.MockitoTestExecutionListener@32135b52, org.springframework.boot.test.autoconfigure.SpringBootDependencyInjectionTestExecutionListener@3756e44b, org.springframework.test.context.support.DirtiesContextTestExecutionListener@2367d946, org.springframework.test.context.transaction.TransactionalTestExecutionListener@358c6444, org.springframework.test.context.jdbc.SqlScriptsTestExecutionListener@1d6d606c, org.springframework.boot.test.autoconfigure.restdocs.RestDocsTestExecutionListener@1d99ab36, org.springframework.boot.test.autoconfigure.web.client.MockRestServiceServerResetTestExecutionListener@a9fc2a, org.springframework.boot.test.autoconfigure.web.servlet.MockMvcPrintOnlyOnFailureTestExecutionListener@5651163f, org.springframework.boot.test.autoconfigure.web.servlet.WebDriverTestExecutionListener@20497299, org.springframework.boot.test.mock.mockito.ResetMocksTestExecutionListener@70d9adbd]
10:21:56.771 [Test worker] DEBUG org.springframework.test.annotation.ProfileValueUtils - Retrieved @ProfileValueSourceConfiguration [null] for test class [com.example.demo.test.PolygonalApproximationApplicationTests]
10:21:56.772 [Test worker] DEBUG org.springframework.test.annotation.ProfileValueUtils - Retrieved ProfileValueSource type [class org.springframework.test.annotation.SystemProfileValueSource] for class [com.example.demo.test.PolygonalApproximationApplicationTests]
10:21:56.772 [Test worker] DEBUG org.springframework.test.annotation.ProfileValueUtils - Retrieved @ProfileValueSourceConfiguration [null] for test class [com.example.demo.test.PolygonalApproximationApplicationTests]
10:21:56.772 [Test worker] DEBUG org.springframework.test.annotation.ProfileValueUtils - Retrieved ProfileValueSource type [class org.springframework.test.annotation.SystemProfileValueSource] for class [com.example.demo.test.PolygonalApproximationApplicationTests]
10:21:56.777 [Test worker] DEBUG org.springframework.test.context.support.AbstractDirtiesContextTestExecutionListener - Before test class: context [DefaultTestContext@45fc81f1 testClass = PolygonalApproximationApplicationTests, testInstance = [null], testMethod = [null], testException = [null], mergedContextConfiguration = [MergedContextConfiguration@59a2239 testClass = PolygonalApproximationApplicationTests, locations = '{}', classes = '{class com.example.demo.PolygonalApproximationApplication}', contextInitializerClasses = '[]', activeProfiles = '{}', propertySourceLocations = '{}', propertySourceProperties = '{org.springframework.boot.test.context.SpringBootTestContextBootstrapper=true}', contextCustomizers = set[org.springframework.boot.test.autoconfigure.properties.PropertyMappingContextCustomizer@0, org.springframework.boot.test.autoconfigure.web.servlet.WebDriverContextCustomizerFactory$Customizer@7482eb0f, org.springframework.boot.test.context.filter.ExcludeFilterContextCustomizer@25e43cf4, org.springframework.boot.test.json.DuplicateJsonObjectContextCustomizerFactory$DuplicateJsonObjectContextCustomizer@200fc963, org.springframework.boot.test.mock.mockito.MockitoContextCustomizer@0, org.springframework.boot.test.web.client.TestRestTemplateContextCustomizer@a43414f], contextLoader = 'org.springframework.boot.test.context.SpringBootContextLoader', parent = [null]], attributes = map[[empty]]], class annotated with @DirtiesContext [false] with mode [null].
10:21:56.778 [Test worker] DEBUG org.springframework.test.annotation.ProfileValueUtils - Retrieved @ProfileValueSourceConfiguration [null] for test class [com.example.demo.test.PolygonalApproximationApplicationTests]
10:21:56.778 [Test worker] DEBUG org.springframework.test.annotation.ProfileValueUtils - Retrieved ProfileValueSource type [class org.springframework.test.annotation.SystemProfileValueSource] for class [com.example.demo.test.PolygonalApproximationApplicationTests]
10:21:56.782 [Test worker] DEBUG org.springframework.test.context.support.DependencyInjectionTestExecutionListener - Performing dependency injection for test context [[DefaultTestContext@45fc81f1 testClass = PolygonalApproximationApplicationTests, testInstance = com.example.demo.test.PolygonalApproximationApplicationTests@c7e8fea, testMethod = [null], testException = [null], mergedContextConfiguration = [MergedContextConfiguration@59a2239 testClass = PolygonalApproximationApplicationTests, locations = '{}', classes = '{class com.example.demo.PolygonalApproximationApplication}', contextInitializerClasses = '[]', activeProfiles = '{}', propertySourceLocations = '{}', propertySourceProperties = '{org.springframework.boot.test.context.SpringBootTestContextBootstrapper=true}', contextCustomizers = set[org.springframework.boot.test.autoconfigure.properties.PropertyMappingContextCustomizer@0, org.springframework.boot.test.autoconfigure.web.servlet.WebDriverContextCustomizerFactory$Customizer@7482eb0f, org.springframework.boot.test.context.filter.ExcludeFilterContextCustomizer@25e43cf4, org.springframework.boot.test.json.DuplicateJsonObjectContextCustomizerFactory$DuplicateJsonObjectContextCustomizer@200fc963, org.springframework.boot.test.mock.mockito.MockitoContextCustomizer@0, org.springframework.boot.test.web.client.TestRestTemplateContextCustomizer@a43414f], contextLoader = 'org.springframework.boot.test.context.SpringBootContextLoader', parent = [null]], attributes = map[[empty]]]].
10:21:56.802 [Test worker] DEBUG org.springframework.test.context.support.TestPropertySourceUtils - Adding inlined properties to environment: {spring.jmx.enabled=false, org.springframework.boot.test.context.SpringBootTestContextBootstrapper=true, server.port=-1}

  .   ____          _            __ _ _
 /\\ / ___'_ __ _ _(_)_ __  __ _ \ \ \ \
( ( )\___ | '_ | '_| | '_ \/ _` | \ \ \ \
 \\/  ___)| |_)| | | | | || (_| |  ) ) ) )
  '  |____| .__|_| |_|_| |_\__, | / / / /
 =========|_|==============|___/=/_/_/_/
 :: Spring Boot ::        (v2.1.6.RELEASE)

2019-11-24 10:21:57.031  INFO 23320 --- [    Test worker] t.PolygonalApproximationApplicationTests : Starting PolygonalApproximationApplicationTests on EC2AMAZ-PVVNSIG with PID 23320 (started by Administrator in C:\Users\Administrator\IdeaProjects\PolygonalApproximation)
2019-11-24 10:21:57.032  INFO 23320 --- [    Test worker] t.PolygonalApproximationApplicationTests : No active profile set, falling back to default profiles: default
2019-11-24 10:21:57.455  INFO 23320 --- [    Test worker] .s.d.r.c.RepositoryConfigurationDelegate : Bootstrapping Spring Data repositories in DEFAULT mode.
2019-11-24 10:21:57.481  INFO 23320 --- [    Test worker] .s.d.r.c.RepositoryConfigurationDelegate : Finished Spring Data repository scanning in 18ms. Found 0 repository interfaces.
2019-11-24 10:21:57.964  INFO 23320 --- [    Test worker] com.zaxxer.hikari.HikariDataSource       : HikariPool-1 - Starting...
2019-11-24 10:21:58.141  INFO 23320 --- [    Test worker] com.zaxxer.hikari.HikariDataSource       : HikariPool-1 - Start completed.
2019-11-24 10:21:58.252  INFO 23320 --- [    Test worker] o.hibernate.jpa.internal.util.LogHelper  : HHH000204: Processing PersistenceUnitInfo [
	name: default
	...]
2019-11-24 10:21:58.328  INFO 23320 --- [    Test worker] org.hibernate.Version                    : HHH000412: Hibernate Core {5.3.10.Final}
2019-11-24 10:21:58.330  INFO 23320 --- [    Test worker] org.hibernate.cfg.Environment            : HHH000206: hibernate.properties not found
2019-11-24 10:21:58.539  INFO 23320 --- [    Test worker] o.hibernate.annotations.common.Version   : HCANN000001: Hibernate Commons Annotations {5.0.4.Final}
2019-11-24 10:21:58.708  INFO 23320 --- [    Test worker] org.hibernate.dialect.Dialect            : HHH000400: Using dialect: org.hibernate.dialect.H2Dialect
2019-11-24 10:21:58.945  INFO 23320 --- [    Test worker] o.h.t.schema.internal.SchemaCreatorImpl  : HHH000476: Executing import script 'org.hibernate.tool.schema.internal.exec.ScriptSourceInputNonExistentImpl@2681a40d'
2019-11-24 10:21:58.948  INFO 23320 --- [    Test worker] j.LocalContainerEntityManagerFactoryBean : Initialized JPA EntityManagerFactory for persistence unit 'default'
2019-11-24 10:21:59.119  INFO 23320 --- [    Test worker] t.PolygonalApproximationApplicationTests : Started PolygonalApproximationApplicationTests in 2.315 seconds (JVM running for 3.347)
]]></system-out>
  <system-err><![CDATA[]]></system-err>
</testsuite>
