<?xml version="1.0" encoding="UTF-8"?>
<testsuite name="com.example.demo.test.PolygonalApproximationApplicationTests" tests="1" skipped="0" failures="0" errors="0" timestamp="2019-10-20T18:53:03" hostname="ip-7-7-254-55.eu-west-2.compute.internal" time="0.038">
  <properties/>
  <testcase name="contextLoads" classname="com.example.demo.test.PolygonalApproximationApplicationTests" time="0.038"/>
  <system-out><![CDATA[18:53:00.964 [Test worker] DEBUG org.springframework.test.context.junit4.SpringJUnit4ClassRunner - SpringJUnit4ClassRunner constructor called with [class com.example.demo.test.PolygonalApproximationApplicationTests]
18:53:00.972 [Test worker] DEBUG org.springframework.test.context.BootstrapUtils - Instantiating CacheAwareContextLoaderDelegate from class [org.springframework.test.context.cache.DefaultCacheAwareContextLoaderDelegate]
18:53:00.978 [Test worker] DEBUG org.springframework.test.context.BootstrapUtils - Instantiating BootstrapContext using constructor [public org.springframework.test.context.support.DefaultBootstrapContext(java.lang.Class,org.springframework.test.context.CacheAwareContextLoaderDelegate)]
18:53:00.995 [Test worker] DEBUG org.springframework.test.context.BootstrapUtils - Instantiating TestContextBootstrapper for test class [com.example.demo.test.PolygonalApproximationApplicationTests] from class [org.springframework.boot.test.context.SpringBootTestContextBootstrapper]
18:53:01.005 [Test worker] INFO org.springframework.boot.test.context.SpringBootTestContextBootstrapper - Neither @ContextConfiguration nor @ContextHierarchy found for test class [com.example.demo.test.PolygonalApproximationApplicationTests], using SpringBootContextLoader
18:53:01.009 [Test worker] DEBUG org.springframework.test.context.support.AbstractContextLoader - Did not detect default resource location for test class [com.example.demo.test.PolygonalApproximationApplicationTests]: class path resource [com/example/demo/test/PolygonalApproximationApplicationTests-context.xml] does not exist
18:53:01.010 [Test worker] DEBUG org.springframework.test.context.support.AbstractContextLoader - Did not detect default resource location for test class [com.example.demo.test.PolygonalApproximationApplicationTests]: class path resource [com/example/demo/test/PolygonalApproximationApplicationTestsContext.groovy] does not exist
18:53:01.010 [Test worker] INFO org.springframework.test.context.support.AbstractContextLoader - Could not detect default resource locations for test class [com.example.demo.test.PolygonalApproximationApplicationTests]: no resource found for suffixes {-context.xml, Context.groovy}.
18:53:01.011 [Test worker] INFO org.springframework.test.context.support.AnnotationConfigContextLoaderUtils - Could not detect default configuration classes for test class [com.example.demo.test.PolygonalApproximationApplicationTests]: PolygonalApproximationApplicationTests does not declare any static, non-private, non-final, nested classes annotated with @Configuration.
18:53:01.052 [Test worker] DEBUG org.springframework.test.context.support.ActiveProfilesUtils - Could not find an 'annotation declaring class' for annotation type [org.springframework.test.context.ActiveProfiles] and class [com.example.demo.test.PolygonalApproximationApplicationTests]
18:53:01.122 [Test worker] DEBUG org.springframework.context.annotation.ClassPathScanningCandidateComponentProvider - Identified candidate component class: file [/root/Documents/workspace-spring-tool-suite-4-4.3.1.RELEASE/PolygonalApproximation/build/classes/java/main/com/example/demo/PolygonalApproximationApplication.class]
18:53:01.123 [Test worker] INFO org.springframework.boot.test.context.SpringBootTestContextBootstrapper - Found @SpringBootConfiguration com.example.demo.PolygonalApproximationApplication for test class com.example.demo.test.PolygonalApproximationApplicationTests
18:53:01.215 [Test worker] DEBUG org.springframework.boot.test.context.SpringBootTestContextBootstrapper - @TestExecutionListeners is not present for class [com.example.demo.test.PolygonalApproximationApplicationTests]: using defaults.
18:53:01.216 [Test worker] INFO org.springframework.boot.test.context.SpringBootTestContextBootstrapper - Loaded default TestExecutionListener class names from location [META-INF/spring.factories]: [org.springframework.boot.test.autoconfigure.restdocs.RestDocsTestExecutionListener, org.springframework.boot.test.autoconfigure.web.client.MockRestServiceServerResetTestExecutionListener, org.springframework.boot.test.autoconfigure.web.servlet.MockMvcPrintOnlyOnFailureTestExecutionListener, org.springframework.boot.test.autoconfigure.web.servlet.WebDriverTestExecutionListener, org.springframework.boot.test.mock.mockito.MockitoTestExecutionListener, org.springframework.boot.test.mock.mockito.ResetMocksTestExecutionListener, org.springframework.test.context.web.ServletTestExecutionListener, org.springframework.test.context.support.DirtiesContextBeforeModesTestExecutionListener, org.springframework.test.context.support.DependencyInjectionTestExecutionListener, org.springframework.test.context.support.DirtiesContextTestExecutionListener, org.springframework.test.context.transaction.TransactionalTestExecutionListener, org.springframework.test.context.jdbc.SqlScriptsTestExecutionListener]
18:53:01.223 [Test worker] DEBUG org.springframework.boot.test.context.SpringBootTestContextBootstrapper - Skipping candidate TestExecutionListener [org.springframework.test.context.web.ServletTestExecutionListener] due to a missing dependency. Specify custom listener classes or make the default listener classes and their required dependencies available. Offending class: [javax/servlet/ServletContext]
18:53:01.230 [Test worker] INFO org.springframework.boot.test.context.SpringBootTestContextBootstrapper - Using TestExecutionListeners: [org.springframework.test.context.support.DirtiesContextBeforeModesTestExecutionListener@34029c8a, org.springframework.boot.test.mock.mockito.MockitoTestExecutionListener@4c520cc4, org.springframework.boot.test.autoconfigure.SpringBootDependencyInjectionTestExecutionListener@59b083da, org.springframework.test.context.support.DirtiesContextTestExecutionListener@78e26071, org.springframework.test.context.transaction.TransactionalTestExecutionListener@58a4552b, org.springframework.test.context.jdbc.SqlScriptsTestExecutionListener@4cc46d7, org.springframework.boot.test.autoconfigure.restdocs.RestDocsTestExecutionListener@59bfbbc7, org.springframework.boot.test.autoconfigure.web.client.MockRestServiceServerResetTestExecutionListener@32b5a969, org.springframework.boot.test.autoconfigure.web.servlet.MockMvcPrintOnlyOnFailureTestExecutionListener@48c2af19, org.springframework.boot.test.autoconfigure.web.servlet.WebDriverTestExecutionListener@2e5ea228, org.springframework.boot.test.mock.mockito.ResetMocksTestExecutionListener@a1b45a7]
18:53:01.232 [Test worker] DEBUG org.springframework.test.annotation.ProfileValueUtils - Retrieved @ProfileValueSourceConfiguration [null] for test class [com.example.demo.test.PolygonalApproximationApplicationTests]
18:53:01.232 [Test worker] DEBUG org.springframework.test.annotation.ProfileValueUtils - Retrieved ProfileValueSource type [class org.springframework.test.annotation.SystemProfileValueSource] for class [com.example.demo.test.PolygonalApproximationApplicationTests]
18:53:01.233 [Test worker] DEBUG org.springframework.test.annotation.ProfileValueUtils - Retrieved @ProfileValueSourceConfiguration [null] for test class [com.example.demo.test.PolygonalApproximationApplicationTests]
18:53:01.233 [Test worker] DEBUG org.springframework.test.annotation.ProfileValueUtils - Retrieved ProfileValueSource type [class org.springframework.test.annotation.SystemProfileValueSource] for class [com.example.demo.test.PolygonalApproximationApplicationTests]
18:53:01.237 [Test worker] DEBUG org.springframework.test.context.support.AbstractDirtiesContextTestExecutionListener - Before test class: context [DefaultTestContext@3f733a95 testClass = PolygonalApproximationApplicationTests, testInstance = [null], testMethod = [null], testException = [null], mergedContextConfiguration = [MergedContextConfiguration@1a47f07d testClass = PolygonalApproximationApplicationTests, locations = '{}', classes = '{class com.example.demo.PolygonalApproximationApplication}', contextInitializerClasses = '[]', activeProfiles = '{}', propertySourceLocations = '{}', propertySourceProperties = '{org.springframework.boot.test.context.SpringBootTestContextBootstrapper=true}', contextCustomizers = set[org.springframework.boot.test.autoconfigure.properties.PropertyMappingContextCustomizer@0, org.springframework.boot.test.autoconfigure.web.servlet.WebDriverContextCustomizerFactory$Customizer@258b444b, org.springframework.boot.test.context.filter.ExcludeFilterContextCustomizer@17c748a2, org.springframework.boot.test.json.DuplicateJsonObjectContextCustomizerFactory$DuplicateJsonObjectContextCustomizer@66f58e6f, org.springframework.boot.test.mock.mockito.MockitoContextCustomizer@0, org.springframework.boot.test.web.client.TestRestTemplateContextCustomizer@2399ad20], contextLoader = 'org.springframework.boot.test.context.SpringBootContextLoader', parent = [null]], attributes = map[[empty]]], class annotated with @DirtiesContext [false] with mode [null].
18:53:01.238 [Test worker] DEBUG org.springframework.test.annotation.ProfileValueUtils - Retrieved @ProfileValueSourceConfiguration [null] for test class [com.example.demo.test.PolygonalApproximationApplicationTests]
18:53:01.238 [Test worker] DEBUG org.springframework.test.annotation.ProfileValueUtils - Retrieved ProfileValueSource type [class org.springframework.test.annotation.SystemProfileValueSource] for class [com.example.demo.test.PolygonalApproximationApplicationTests]
18:53:01.241 [Test worker] DEBUG org.springframework.test.context.support.DependencyInjectionTestExecutionListener - Performing dependency injection for test context [[DefaultTestContext@3f733a95 testClass = PolygonalApproximationApplicationTests, testInstance = com.example.demo.test.PolygonalApproximationApplicationTests@326d09, testMethod = [null], testException = [null], mergedContextConfiguration = [MergedContextConfiguration@1a47f07d testClass = PolygonalApproximationApplicationTests, locations = '{}', classes = '{class com.example.demo.PolygonalApproximationApplication}', contextInitializerClasses = '[]', activeProfiles = '{}', propertySourceLocations = '{}', propertySourceProperties = '{org.springframework.boot.test.context.SpringBootTestContextBootstrapper=true}', contextCustomizers = set[org.springframework.boot.test.autoconfigure.properties.PropertyMappingContextCustomizer@0, org.springframework.boot.test.autoconfigure.web.servlet.WebDriverContextCustomizerFactory$Customizer@258b444b, org.springframework.boot.test.context.filter.ExcludeFilterContextCustomizer@17c748a2, org.springframework.boot.test.json.DuplicateJsonObjectContextCustomizerFactory$DuplicateJsonObjectContextCustomizer@66f58e6f, org.springframework.boot.test.mock.mockito.MockitoContextCustomizer@0, org.springframework.boot.test.web.client.TestRestTemplateContextCustomizer@2399ad20], contextLoader = 'org.springframework.boot.test.context.SpringBootContextLoader', parent = [null]], attributes = map[[empty]]]].
18:53:01.260 [Test worker] DEBUG org.springframework.test.context.support.TestPropertySourceUtils - Adding inlined properties to environment: {spring.jmx.enabled=false, org.springframework.boot.test.context.SpringBootTestContextBootstrapper=true, server.port=-1}

  .   ____          _            __ _ _
 /\\ / ___'_ __ _ _(_)_ __  __ _ \ \ \ \
( ( )\___ | '_ | '_| | '_ \/ _` | \ \ \ \
 \\/  ___)| |_)| | | | | || (_| |  ) ) ) )
  '  |____| .__|_| |_|_| |_\__, | / / / /
 =========|_|==============|___/=/_/_/_/
 :: Spring Boot ::        (v2.1.6.RELEASE)

2019-10-20 18:53:01.463  INFO 48811 --- [    Test worker] t.PolygonalApproximationApplicationTests : Starting PolygonalApproximationApplicationTests on ip-7-7-254-55.eu-west-2.compute.internal with PID 48811 (started by root in /root/Documents/workspace-spring-tool-suite-4-4.3.1.RELEASE/PolygonalApproximation)
2019-10-20 18:53:01.464  INFO 48811 --- [    Test worker] t.PolygonalApproximationApplicationTests : No active profile set, falling back to default profiles: default
2019-10-20 18:53:01.820  INFO 48811 --- [    Test worker] .s.d.r.c.RepositoryConfigurationDelegate : Bootstrapping Spring Data repositories in DEFAULT mode.
2019-10-20 18:53:01.843  INFO 48811 --- [    Test worker] .s.d.r.c.RepositoryConfigurationDelegate : Finished Spring Data repository scanning in 14ms. Found 0 repository interfaces.
2019-10-20 18:53:02.302  INFO 48811 --- [    Test worker] com.zaxxer.hikari.HikariDataSource       : HikariPool-1 - Starting...
2019-10-20 18:53:02.449  INFO 48811 --- [    Test worker] com.zaxxer.hikari.HikariDataSource       : HikariPool-1 - Start completed.
2019-10-20 18:53:02.523  INFO 48811 --- [    Test worker] o.hibernate.jpa.internal.util.LogHelper  : HHH000204: Processing PersistenceUnitInfo [
	name: default
	...]
2019-10-20 18:53:02.584  INFO 48811 --- [    Test worker] org.hibernate.Version                    : HHH000412: Hibernate Core {5.3.10.Final}
2019-10-20 18:53:02.585  INFO 48811 --- [    Test worker] org.hibernate.cfg.Environment            : HHH000206: hibernate.properties not found
2019-10-20 18:53:02.728  INFO 48811 --- [    Test worker] o.hibernate.annotations.common.Version   : HCANN000001: Hibernate Commons Annotations {5.0.4.Final}
2019-10-20 18:53:02.863  INFO 48811 --- [    Test worker] org.hibernate.dialect.Dialect            : HHH000400: Using dialect: org.hibernate.dialect.H2Dialect
2019-10-20 18:53:03.131  INFO 48811 --- [    Test worker] o.h.t.schema.internal.SchemaCreatorImpl  : HHH000476: Executing import script 'org.hibernate.tool.schema.internal.exec.ScriptSourceInputNonExistentImpl@285cdc12'
2019-10-20 18:53:03.134  INFO 48811 --- [    Test worker] j.LocalContainerEntityManagerFactoryBean : Initialized JPA EntityManagerFactory for persistence unit 'default'
2019-10-20 18:53:03.303  INFO 48811 --- [    Test worker] t.PolygonalApproximationApplicationTests : Started PolygonalApproximationApplicationTests in 2.042 seconds (JVM running for 2.833)
]]></system-out>
  <system-err><![CDATA[]]></system-err>
</testsuite>
