<?xml version="1.0" encoding="UTF-8"?>
<!-- Generated by org.testng.reporters.JUnitReportReporter -->
<testsuite skipped="0" hostname="ip-7-7-254-55.eu-west-2.compute.internal" name="com.example.demo.test.PolygonalApproximationApplicationTests" tests="1" failures="0" timestamp="2019-10-20T18:52:15 UTC" time="2.323" errors="0">
  <testcase name="contextLoads" time="2.323" classname="com.example.demo.test.PolygonalApproximationApplicationTests"/>
</testsuite> <!-- com.example.demo.test.PolygonalApproximationApplicationTests -->
