<?xml version="1.0" encoding="UTF-8"?>
<!-- Generated by org.testng.reporters.JUnitReportReporter -->
<testsuite hostname="EC2AMAZ-PVVNSIG" failures="0" tests="1" name="com.example.demo.test.PolygonalApproximationApplicationTests" time="3.386" errors="0" timestamp="2019-12-01T12:30:23 UTC" skipped="0">
  <testcase classname="com.example.demo.test.PolygonalApproximationApplicationTests" name="contextLoads" time="3.386"/>
</testsuite> <!-- com.example.demo.test.PolygonalApproximationApplicationTests -->
