<?xml version="1.0" encoding="UTF-8"?>
<!-- Generated by org.testng.reporters.JUnitReportReporter -->
<testsuite hostname="EC2AMAZ-PVVNSIG" failures="0" tests="1" name="com.example.demo.test.PolygonalApproximationApplicationTests" time="2.798" errors="0" timestamp="2019-12-01T14:50:27 UTC" skipped="0">
  <testcase classname="com.example.demo.test.PolygonalApproximationApplicationTests" name="contextLoads" time="2.798"/>
</testsuite> <!-- com.example.demo.test.PolygonalApproximationApplicationTests -->
