<?xml version="1.0" encoding="UTF-8"?>
<!-- Generated by org.testng.reporters.JUnitReportReporter -->
<testsuite skipped="0" hostname="ip-7-7-254-55.eu-west-2.compute.internal" name="com.example.demo.test.PolygonalApproximationApplicationTests" tests="1" failures="0" timestamp="2019-08-22T11:16:12 UTC" time="2.222" errors="0">
  <testcase name="contextLoads" time="2.222" classname="com.example.demo.test.PolygonalApproximationApplicationTests"/>
</testsuite> <!-- com.example.demo.test.PolygonalApproximationApplicationTests -->
