<?xml version="1.0" encoding="UTF-8"?>
<!-- Generated by org.testng.reporters.JUnitReportReporter -->
<testsuite hostname="EC2AMAZ-PVVNSIG" failures="0" tests="1" name="com.example.demo.test.PolygonalApproximationApplicationTests" time="2.794" errors="0" timestamp="2019-11-24T06:18:21 UTC" skipped="0">
  <testcase classname="com.example.demo.test.PolygonalApproximationApplicationTests" name="contextLoads" time="2.794"/>
</testsuite> <!-- com.example.demo.test.PolygonalApproximationApplicationTests -->
